{
  "D:\\Code\\OpClss\\project1\\Front-end\\src\\app\\auth-guard.guard.ts": {
    "path": "D:\\Code\\OpClss\\project1\\Front-end\\src\\app\\auth-guard.guard.ts",
    "statementMap": {
      "0": {
        "start": {
          "line": 3,
          "column": 25
        },
        "end": {
          "line": 10,
          "column": 1
        }
      },
      "1": {
        "start": {
          "line": 4,
          "column": 17
        },
        "end": {
          "line": 4,
          "column": 31
        }
      },
      "2": {
        "start": {
          "line": 5,
          "column": 2
        },
        "end": {
          "line": 8,
          "column": 3
        }
      },
      "3": {
        "start": {
          "line": 6,
          "column": 4
        },
        "end": {
          "line": 6,
          "column": 32
        }
      },
      "4": {
        "start": {
          "line": 7,
          "column": 4
        },
        "end": {
          "line": 7,
          "column": 17
        }
      },
      "5": {
        "start": {
          "line": 9,
          "column": 2
        },
        "end": {
          "line": 9,
          "column": 14
        }
      }
    },
    "fnMap": {
      "0": {
        "name": "(anonymous_0)",
        "decl": {
          "start": {
            "line": 3,
            "column": 25
          },
          "end": {
            "line": 3,
            "column": 26
          }
        },
        "loc": {
          "start": {
            "line": 3,
            "column": 31
          },
          "end": {
            "line": 10,
            "column": 1
          }
        },
        "line": 3
      }
    },
    "branchMap": {
      "0": {
        "loc": {
          "start": {
            "line": 5,
            "column": 2
          },
          "end": {
            "line": 8,
            "column": 3
          }
        },
        "type": "if",
        "locations": [
          {
            "start": {
              "line": 5,
              "column": 2
            },
            "end": {
              "line": 8,
              "column": 3
            }
          },
          {
            "start": {},
            "end": {}
          }
        ],
        "line": 5
      }
    },
    "s": {
      "0": 100,
      "1": 96,
      "2": 96,
      "3": 7,
      "4": 7,
      "5": 89
    },
    "f": {
      "0": 96
    },
    "b": {
      "0": [
        7,
        89
      ]
    },
    "inputSourceMap": {
      "version": 3,
      "names": [
        "inject",
        "Router",
        "AuthGuard",
        "router",
        "localStorage",
        "getItem",
        "navigate"
      ],
      "sources": [
        "D:\\Code\\OpClss\\project1\\Front-end\\src\\app\\auth-guard.guard.ts"
      ],
      "sourcesContent": [
        "import { inject } from '@angular/core';\r\nimport { Router } from '@angular/router';\r\n\r\nexport const AuthGuard = () => {\r\n  const router = inject(Router);\r\n\r\n  if (!localStorage.getItem('token')) {\r\n    router.navigate(['/login']);\r\n    return false;\r\n  }\r\n  return true;\r\n}"
      ],
      "mappings": "AAAA,SAASA,MAAM,QAAQ,eAAe;AACtC,SAASC,MAAM,QAAQ,iBAAiB;AAExC,OAAO,MAAMC,SAAS,GAAGA,CAAA,KAAK;EAC5B,MAAMC,MAAM,GAAGH,MAAM,CAACC,MAAM,CAAC;EAE7B,IAAI,CAACG,YAAY,CAACC,OAAO,CAAC,OAAO,CAAC,EAAE;IAClCF,MAAM,CAACG,QAAQ,CAAC,CAAC,QAAQ,CAAC,CAAC;IAC3B,OAAO,KAAK;EACd;EACA,OAAO,IAAI;AACb,CAAC",
      "ignoreList": []
    },
    "_coverageSchema": "1a1c01bbd47fc00a2c39e90264f33305004495a9",
    "hash": "76405f82dd821273ad49fed304e56bc076afa09f"
  },
  "D:\\Code\\OpClss\\project1\\Front-end\\src\\app\\app.component.ts": {
    "path": "D:\\Code\\OpClss\\project1\\Front-end\\src\\app\\app.component.ts",
    "statementMap": {
      "0": {
        "start": {
          "line": 3,
          "column": 39
        },
        "end": {
          "line": 24,
          "column": 4
        }
      },
      "1": {
        "start": {
          "line": 5,
          "column": 12
        },
        "end": {
          "line": 5,
          "column": 31
        }
      },
      "2": {
        "start": {
          "line": 6,
          "column": 18
        },
        "end": {
          "line": 8,
          "column": 5
        }
      },
      "3": {
        "start": {
          "line": 7,
          "column": 6
        },
        "end": {
          "line": 7,
          "column": 55
        }
      },
      "4": {
        "start": {
          "line": 9,
          "column": 31
        },
        "end": {
          "line": 21,
          "column": 6
        }
      },
      "5": {
        "start": {
          "line": 15,
          "column": 8
        },
        "end": {
          "line": 17,
          "column": 9
        }
      },
      "6": {
        "start": {
          "line": 16,
          "column": 10
        },
        "end": {
          "line": 16,
          "column": 43
        }
      },
      "7": {
        "start": {
          "line": 23,
          "column": 2
        },
        "end": {
          "line": 23,
          "column": 22
        }
      }
    },
    "fnMap": {
      "0": {
        "name": "(anonymous_0)",
        "decl": {
          "start": {
            "line": 3,
            "column": 40
          },
          "end": {
            "line": 3,
            "column": 41
          }
        },
        "loc": {
          "start": {
            "line": 3,
            "column": 46
          },
          "end": {
            "line": 24,
            "column": 1
          }
        },
        "line": 3
      },
      "1": {
        "name": "AppComponent_Factory",
        "decl": {
          "start": {
            "line": 6,
            "column": 27
          },
          "end": {
            "line": 6,
            "column": 47
          }
        },
        "loc": {
          "start": {
            "line": 6,
            "column": 67
          },
          "end": {
            "line": 8,
            "column": 5
          }
        },
        "line": 6
      },
      "2": {
        "name": "AppComponent_Template",
        "decl": {
          "start": {
            "line": 14,
            "column": 25
          },
          "end": {
            "line": 14,
            "column": 46
          }
        },
        "loc": {
          "start": {
            "line": 14,
            "column": 56
          },
          "end": {
            "line": 18,
            "column": 7
          }
        },
        "line": 14
      }
    },
    "branchMap": {
      "0": {
        "loc": {
          "start": {
            "line": 7,
            "column": 18
          },
          "end": {
            "line": 7,
            "column": 51
          }
        },
        "type": "binary-expr",
        "locations": [
          {
            "start": {
              "line": 7,
              "column": 18
            },
            "end": {
              "line": 7,
              "column": 35
            }
          },
          {
            "start": {
              "line": 7,
              "column": 39
            },
            "end": {
              "line": 7,
              "column": 51
            }
          }
        ],
        "line": 7
      },
      "1": {
        "loc": {
          "start": {
            "line": 15,
            "column": 8
          },
          "end": {
            "line": 17,
            "column": 9
          }
        },
        "type": "if",
        "locations": [
          {
            "start": {
              "line": 15,
              "column": 8
            },
            "end": {
              "line": 17,
              "column": 9
            }
          },
          {
            "start": {},
            "end": {}
          }
        ],
        "line": 15
      }
    },
    "s": {
      "0": 100,
      "1": 100,
      "2": 100,
      "3": 100,
      "4": 100,
      "5": 1272,
      "6": 100,
      "7": 100
    },
    "f": {
      "0": 100,
      "1": 100,
      "2": 1272
    },
    "b": {
      "0": [
        100,
        100
      ],
      "1": [
        100,
        1172
      ]
    },
    "inputSourceMap": {
      "version": 3,
      "names": [
        "RouterOutlet",
        "AppComponent",
        "title",
        "selectors",
        "decls",
        "vars",
        "template",
        "AppComponent_Template",
        "rf",
        "ctx",
        "i0",
        "ɵɵelement",
        "styles"
      ],
      "sources": [
        "D:\\Code\\OpClss\\project1\\Front-end\\src\\app\\app.component.ts",
        "D:\\Code\\OpClss\\project1\\Front-end\\src\\app\\app.component.html"
      ],
      "sourcesContent": [
        "import { Component } from '@angular/core';\r\nimport { RouterOutlet } from '@angular/router';\r\n\r\n@Component({\r\n  selector: 'app-root',\r\n  templateUrl: './app.component.html',\r\n  imports: [\r\n    RouterOutlet\r\n  ],\r\n  styleUrl: './app.component.css'\r\n})\r\nexport class AppComponent {\r\n  title = 'etudiant-frontend';\r\n}\r\n",
        "<router-outlet/>\r\n"
      ],
      "mappings": "AACA,SAASA,YAAY,QAAQ,iBAAiB;;AAU9C,WAAaC,YAAY;EAAnB,MAAOA,YAAY;IACvBC,KAAK,GAAG,mBAAmB;;uCADhBD,YAAY;IAAA;;YAAZA,YAAY;MAAAE,SAAA;MAAAC,KAAA;MAAAC,IAAA;MAAAC,QAAA,WAAAC,sBAAAC,EAAA,EAAAC,GAAA;QAAA,IAAAD,EAAA;UCXzBE,EAAA,CAAAC,SAAA,oBAAgB;;;qBDOZX,YAAY;MAAAY,MAAA;IAAA;;SAIHX,YAAY;AAAA",
      "ignoreList": []
    },
    "_coverageSchema": "1a1c01bbd47fc00a2c39e90264f33305004495a9",
    "hash": "5fa3a4d4499aa3cb49f811c20a89e3263bd9aadb"
  },
  "D:\\Code\\OpClss\\project1\\Front-end\\src\\app\\shared\\material.module.ts": {
    "path": "D:\\Code\\OpClss\\project1\\Front-end\\src\\app\\shared\\material.module.ts",
    "statementMap": {
      "0": {
        "start": {
          "line": 30,
          "column": 24
        },
        "end": {
          "line": 30,
          "column": 517
        }
      },
      "1": {
        "start": {
          "line": 31,
          "column": 41
        },
        "end": {
          "line": 44,
          "column": 4
        }
      },
      "2": {
        "start": {
          "line": 33,
          "column": 18
        },
        "end": {
          "line": 35,
          "column": 5
        }
      },
      "3": {
        "start": {
          "line": 34,
          "column": 6
        },
        "end": {
          "line": 34,
          "column": 57
        }
      },
      "4": {
        "start": {
          "line": 36,
          "column": 31
        },
        "end": {
          "line": 38,
          "column": 6
        }
      },
      "5": {
        "start": {
          "line": 39,
          "column": 31
        },
        "end": {
          "line": 41,
          "column": 6
        }
      },
      "6": {
        "start": {
          "line": 43,
          "column": 2
        },
        "end": {
          "line": 43,
          "column": 24
        }
      },
      "7": {
        "start": {
          "line": 45,
          "column": 0
        },
        "end": {
          "line": 50,
          "column": 5
        }
      },
      "8": {
        "start": {
          "line": 46,
          "column": 2
        },
        "end": {
          "line": 49,
          "column": 5
        }
      }
    },
    "fnMap": {
      "0": {
        "name": "(anonymous_0)",
        "decl": {
          "start": {
            "line": 31,
            "column": 42
          },
          "end": {
            "line": 31,
            "column": 43
          }
        },
        "loc": {
          "start": {
            "line": 31,
            "column": 48
          },
          "end": {
            "line": 44,
            "column": 1
          }
        },
        "line": 31
      },
      "1": {
        "name": "MaterialModule_Factory",
        "decl": {
          "start": {
            "line": 33,
            "column": 27
          },
          "end": {
            "line": 33,
            "column": 49
          }
        },
        "loc": {
          "start": {
            "line": 33,
            "column": 69
          },
          "end": {
            "line": 35,
            "column": 5
          }
        },
        "line": 33
      },
      "2": {
        "name": "(anonymous_2)",
        "decl": {
          "start": {
            "line": 45,
            "column": 1
          },
          "end": {
            "line": 45,
            "column": 2
          }
        },
        "loc": {
          "start": {
            "line": 45,
            "column": 13
          },
          "end": {
            "line": 50,
            "column": 1
          }
        },
        "line": 45
      }
    },
    "branchMap": {
      "0": {
        "loc": {
          "start": {
            "line": 34,
            "column": 18
          },
          "end": {
            "line": 34,
            "column": 53
          }
        },
        "type": "binary-expr",
        "locations": [
          {
            "start": {
              "line": 34,
              "column": 18
            },
            "end": {
              "line": 34,
              "column": 35
            }
          },
          {
            "start": {
              "line": 34,
              "column": 39
            },
            "end": {
              "line": 34,
              "column": 53
            }
          }
        ],
        "line": 34
      },
      "1": {
        "loc": {
          "start": {
            "line": 46,
            "column": 2
          },
          "end": {
            "line": 49,
            "column": 4
          }
        },
        "type": "binary-expr",
        "locations": [
          {
            "start": {
              "line": 46,
              "column": 3
            },
            "end": {
              "line": 46,
              "column": 35
            }
          },
          {
            "start": {
              "line": 46,
              "column": 39
            },
            "end": {
              "line": 46,
              "column": 48
            }
          },
          {
            "start": {
              "line": 46,
              "column": 53
            },
            "end": {
              "line": 49,
              "column": 4
            }
          }
        ],
        "line": 46
      }
    },
    "s": {
      "0": 100,
      "1": 100,
      "2": 100,
      "3": 137,
      "4": 100,
      "5": 100,
      "6": 100,
      "7": 100,
      "8": 100
    },
    "f": {
      "0": 100,
      "1": 137,
      "2": 100
    },
    "b": {
      "0": [
        137,
        137
      ],
      "1": [
        100,
        0,
        100
      ]
    },
    "inputSourceMap": {
      "version": 3,
      "names": [
        "OverlayModule",
        "CdkTreeModule",
        "PortalModule",
        "MatAutocompleteModule",
        "MatButtonModule",
        "MatButtonToggleModule",
        "MatCardModule",
        "MatCheckboxModule",
        "MatChipsModule",
        "MatRippleModule",
        "MatDividerModule",
        "MatExpansionModule",
        "MatFormFieldModule",
        "MatIconModule",
        "MatInputModule",
        "MatListModule",
        "MatMenuModule",
        "MatPaginatorModule",
        "MatProgressSpinnerModule",
        "MatSelectModule",
        "MatSidenavModule",
        "MatSnackBarModule",
        "MatSortModule",
        "MatTableModule",
        "MatTabsModule",
        "MatToolbarModule",
        "MatTreeModule",
        "ReactiveFormsModule",
        "materialModules",
        "MaterialModule",
        "imports",
        "exports"
      ],
      "sources": [
        "D:\\Code\\OpClss\\project1\\Front-end\\src\\app\\shared\\material.module.ts"
      ],
      "sourcesContent": [
        "import { NgModule } from '@angular/core';\r\nimport { OverlayModule } from '@angular/cdk/overlay';\r\nimport { CdkTreeModule } from '@angular/cdk/tree';\r\nimport { PortalModule } from '@angular/cdk/portal';\r\nimport { MatAutocompleteModule } from '@angular/material/autocomplete';\r\nimport { MatButtonModule } from '@angular/material/button';\r\nimport { MatButtonToggleModule } from '@angular/material/button-toggle';\r\nimport { MatCardModule } from '@angular/material/card';\r\nimport { MatCheckboxModule } from '@angular/material/checkbox';\r\nimport { MatChipsModule } from '@angular/material/chips';\r\nimport { MatRippleModule } from '@angular/material/core';\r\nimport { MatDividerModule } from '@angular/material/divider';\r\nimport { MatExpansionModule } from '@angular/material/expansion';\r\nimport { MatFormFieldModule } from '@angular/material/form-field';\r\nimport { MatIconModule } from '@angular/material/icon';\r\nimport { MatInputModule } from '@angular/material/input';\r\nimport { MatListModule } from '@angular/material/list';\r\nimport { MatMenuModule } from '@angular/material/menu';\r\nimport { MatPaginatorModule } from '@angular/material/paginator';\r\nimport { MatProgressSpinnerModule } from '@angular/material/progress-spinner';\r\nimport { MatSelectModule } from '@angular/material/select';\r\nimport { MatSidenavModule } from '@angular/material/sidenav';\r\nimport { MatSnackBarModule } from '@angular/material/snack-bar';\r\nimport { MatSortModule } from '@angular/material/sort';\r\nimport { MatTableModule } from '@angular/material/table';\r\nimport { MatTabsModule } from '@angular/material/tabs';\r\nimport { MatToolbarModule } from '@angular/material/toolbar';\r\nimport { MatTreeModule } from '@angular/material/tree';\r\nimport { ReactiveFormsModule } from '@angular/forms';\r\n\r\n\r\nconst materialModules = [\r\n  ReactiveFormsModule,\r\n  CdkTreeModule,\r\n  MatAutocompleteModule,\r\n  MatButtonModule,\r\n  MatCardModule,\r\n  MatCheckboxModule,\r\n  MatChipsModule,\r\n  MatDividerModule,\r\n  MatExpansionModule,\r\n  MatIconModule,\r\n  MatInputModule,\r\n  MatListModule,\r\n  MatMenuModule,\r\n  MatProgressSpinnerModule,\r\n  MatPaginatorModule,\r\n  MatRippleModule,\r\n  MatSelectModule,\r\n  MatSidenavModule,\r\n  MatSnackBarModule,\r\n  MatSortModule,\r\n  MatTableModule,\r\n  MatTabsModule,\r\n  MatToolbarModule,\r\n  MatFormFieldModule,\r\n  MatButtonToggleModule,\r\n  MatTreeModule,\r\n  OverlayModule,\r\n  PortalModule\r\n];\r\n\r\n@NgModule({\r\n  imports: [\r\n    ...materialModules\r\n  ],\r\n  exports: [\r\n    ...materialModules\r\n  ],\r\n})\r\nexport class MaterialModule { }\r\n"
      ],
      "mappings": "AACA,SAASA,aAAa,QAAQ,sBAAsB;AACpD,SAASC,aAAa,QAAQ,mBAAmB;AACjD,SAASC,YAAY,QAAQ,qBAAqB;AAClD,SAASC,qBAAqB,QAAQ,gCAAgC;AACtE,SAASC,eAAe,QAAQ,0BAA0B;AAC1D,SAASC,qBAAqB,QAAQ,iCAAiC;AACvE,SAASC,aAAa,QAAQ,wBAAwB;AACtD,SAASC,iBAAiB,QAAQ,4BAA4B;AAC9D,SAASC,cAAc,QAAQ,yBAAyB;AACxD,SAASC,eAAe,QAAQ,wBAAwB;AACxD,SAASC,gBAAgB,QAAQ,2BAA2B;AAC5D,SAASC,kBAAkB,QAAQ,6BAA6B;AAChE,SAASC,kBAAkB,QAAQ,8BAA8B;AACjE,SAASC,aAAa,QAAQ,wBAAwB;AACtD,SAASC,cAAc,QAAQ,yBAAyB;AACxD,SAASC,aAAa,QAAQ,wBAAwB;AACtD,SAASC,aAAa,QAAQ,wBAAwB;AACtD,SAASC,kBAAkB,QAAQ,6BAA6B;AAChE,SAASC,wBAAwB,QAAQ,oCAAoC;AAC7E,SAASC,eAAe,QAAQ,0BAA0B;AAC1D,SAASC,gBAAgB,QAAQ,2BAA2B;AAC5D,SAASC,iBAAiB,QAAQ,6BAA6B;AAC/D,SAASC,aAAa,QAAQ,wBAAwB;AACtD,SAASC,cAAc,QAAQ,yBAAyB;AACxD,SAASC,aAAa,QAAQ,wBAAwB;AACtD,SAASC,gBAAgB,QAAQ,2BAA2B;AAC5D,SAASC,aAAa,QAAQ,wBAAwB;AACtD,SAASC,mBAAmB,QAAQ,gBAAgB;;AAGpD,MAAMC,eAAe,GAAG,CACtBD,mBAAmB,EACnB1B,aAAa,EACbE,qBAAqB,EACrBC,eAAe,EACfE,aAAa,EACbC,iBAAiB,EACjBC,cAAc,EACdE,gBAAgB,EAChBC,kBAAkB,EAClBE,aAAa,EACbC,cAAc,EACdC,aAAa,EACbC,aAAa,EACbE,wBAAwB,EACxBD,kBAAkB,EAClBR,eAAe,EACfU,eAAe,EACfC,gBAAgB,EAChBC,iBAAiB,EACjBC,aAAa,EACbC,cAAc,EACdC,aAAa,EACbC,gBAAgB,EAChBb,kBAAkB,EAClBP,qBAAqB,EACrBqB,aAAa,EACb1B,aAAa,EACbE,YAAY,CACb;AAUD,WAAa2B,cAAc;EAArB,MAAOA,cAAc;;uCAAdA,cAAc;IAAA;;YAAdA;IAAc;;gBANpBD,eAAe,EAhCpBD,mBAAmB,EACnB1B,aAAa,EACbE,qBAAqB,EACrBC,eAAe,EACfE,aAAa,EACbC,iBAAiB,EACjBC,cAAc,EACdE,gBAAgB,EAChBC,kBAAkB,EAClBE,aAAa,EACbC,cAAc,EACdC,aAAa,EACbC,aAAa,EACbE,wBAAwB,EACxBD,kBAAkB,EAClBR,eAAe,EACfU,eAAe,EACfC,gBAAgB,EAChBC,iBAAiB,EACjBC,aAAa,EACbC,cAAc,EACdC,aAAa,EACbC,gBAAgB,EAChBb,kBAAkB,EAClBP,qBAAqB,EACrBqB,aAAa,EACb1B,aAAa,EACbE,YAAY;IAAA;;SAWD2B,cAAc;AAAA;;2EAAdA,cAAc;IAAAC,OAAA,GAtCzBH,mBAAmB,EACnB1B,aAAa,EACbE,qBAAqB,EACrBC,eAAe,EACfE,aAAa,EACbC,iBAAiB,EACjBC,cAAc,EACdE,gBAAgB,EAChBC,kBAAkB,EAClBE,aAAa,EACbC,cAAc,EACdC,aAAa,EACbC,aAAa,EACbE,wBAAwB,EACxBD,kBAAkB,EAClBR,eAAe,EACfU,eAAe,EACfC,gBAAgB,EAChBC,iBAAiB,EACjBC,aAAa,EACbC,cAAc,EACdC,aAAa,EACbC,gBAAgB,EAChBb,kBAAkB,EAClBP,qBAAqB,EACrBqB,aAAa,EACb1B,aAAa,EACbE,YAAY;IAAA6B,OAAA,GA3BZJ,mBAAmB,EACnB1B,aAAa,EACbE,qBAAqB,EACrBC,eAAe,EACfE,aAAa,EACbC,iBAAiB,EACjBC,cAAc,EACdE,gBAAgB,EAChBC,kBAAkB,EAClBE,aAAa,EACbC,cAAc,EACdC,aAAa,EACbC,aAAa,EACbE,wBAAwB,EACxBD,kBAAkB,EAClBR,eAAe,EACfU,eAAe,EACfC,gBAAgB,EAChBC,iBAAiB,EACjBC,aAAa,EACbC,cAAc,EACdC,aAAa,EACbC,gBAAgB,EAChBb,kBAAkB,EAClBP,qBAAqB,EACrBqB,aAAa,EACb1B,aAAa,EACbE,YAAY;EAAA;AAAA",
      "ignoreList": []
    },
    "_coverageSchema": "1a1c01bbd47fc00a2c39e90264f33305004495a9",
    "hash": "2cf2939d4eab8761936a0837c015cd547dfdb192"
  },
  "D:\\Code\\OpClss\\project1\\Front-end\\src\\app\\core\\service\\user.service.ts": {
    "path": "D:\\Code\\OpClss\\project1\\Front-end\\src\\app\\core\\service\\user.service.ts",
    "statementMap": {
      "0": {
        "start": {
          "line": 3,
          "column": 38
        },
        "end": {
          "line": 25,
          "column": 4
        }
      },
      "1": {
        "start": {
          "line": 7,
          "column": 6
        },
        "end": {
          "line": 7,
          "column": 35
        }
      },
      "2": {
        "start": {
          "line": 10,
          "column": 6
        },
        "end": {
          "line": 10,
          "column": 57
        }
      },
      "3": {
        "start": {
          "line": 13,
          "column": 6
        },
        "end": {
          "line": 13,
          "column": 54
        }
      },
      "4": {
        "start": {
          "line": 15,
          "column": 18
        },
        "end": {
          "line": 17,
          "column": 5
        }
      },
      "5": {
        "start": {
          "line": 16,
          "column": 6
        },
        "end": {
          "line": 16,
          "column": 80
        }
      },
      "6": {
        "start": {
          "line": 18,
          "column": 32
        },
        "end": {
          "line": 22,
          "column": 6
        }
      },
      "7": {
        "start": {
          "line": 24,
          "column": 2
        },
        "end": {
          "line": 24,
          "column": 21
        }
      }
    },
    "fnMap": {
      "0": {
        "name": "(anonymous_0)",
        "decl": {
          "start": {
            "line": 3,
            "column": 39
          },
          "end": {
            "line": 3,
            "column": 40
          }
        },
        "loc": {
          "start": {
            "line": 3,
            "column": 45
          },
          "end": {
            "line": 25,
            "column": 1
          }
        },
        "line": 3
      },
      "1": {
        "name": "(anonymous_1)",
        "decl": {
          "start": {
            "line": 6,
            "column": 4
          },
          "end": {
            "line": 6,
            "column": 5
          }
        },
        "loc": {
          "start": {
            "line": 6,
            "column": 28
          },
          "end": {
            "line": 8,
            "column": 5
          }
        },
        "line": 6
      },
      "2": {
        "name": "(anonymous_2)",
        "decl": {
          "start": {
            "line": 9,
            "column": 4
          },
          "end": {
            "line": 9,
            "column": 5
          }
        },
        "loc": {
          "start": {
            "line": 9,
            "column": 19
          },
          "end": {
            "line": 11,
            "column": 5
          }
        },
        "line": 9
      },
      "3": {
        "name": "(anonymous_3)",
        "decl": {
          "start": {
            "line": 12,
            "column": 4
          },
          "end": {
            "line": 12,
            "column": 5
          }
        },
        "loc": {
          "start": {
            "line": 12,
            "column": 16
          },
          "end": {
            "line": 14,
            "column": 5
          }
        },
        "line": 12
      },
      "4": {
        "name": "UserService_Factory",
        "decl": {
          "start": {
            "line": 15,
            "column": 27
          },
          "end": {
            "line": 15,
            "column": 46
          }
        },
        "loc": {
          "start": {
            "line": 15,
            "column": 66
          },
          "end": {
            "line": 17,
            "column": 5
          }
        },
        "line": 15
      }
    },
    "branchMap": {
      "0": {
        "loc": {
          "start": {
            "line": 16,
            "column": 18
          },
          "end": {
            "line": 16,
            "column": 50
          }
        },
        "type": "binary-expr",
        "locations": [
          {
            "start": {
              "line": 16,
              "column": 18
            },
            "end": {
              "line": 16,
              "column": 35
            }
          },
          {
            "start": {
              "line": 16,
              "column": 39
            },
            "end": {
              "line": 16,
              "column": 50
            }
          }
        ],
        "line": 16
      }
    },
    "s": {
      "0": 100,
      "1": 60,
      "2": 6,
      "3": 13,
      "4": 100,
      "5": 60,
      "6": 100,
      "7": 100
    },
    "f": {
      "0": 100,
      "1": 60,
      "2": 6,
      "3": 13,
      "4": 60
    },
    "b": {
      "0": [
        60,
        60
      ]
    },
    "inputSourceMap": {
      "version": 3,
      "names": [
        "UserService",
        "httpClient",
        "constructor",
        "register",
        "user",
        "post",
        "login",
        "i0",
        "ɵɵinject",
        "i1",
        "HttpClient",
        "factory",
        "ɵfac",
        "providedIn"
      ],
      "sources": [
        "D:\\Code\\OpClss\\project1\\Front-end\\src\\app\\core\\service\\user.service.ts"
      ],
      "sourcesContent": [
        "import { Injectable } from '@angular/core';\r\nimport { Register } from '../models/Register';\r\nimport { Login } from '../models/Login';\r\nimport { HttpClient } from '@angular/common/http';\r\nimport { Observable } from 'rxjs';\r\n\r\n@Injectable({\r\n  providedIn: 'root'\r\n})\r\nexport class UserService {\r\n  constructor(private httpClient: HttpClient) { }\r\n\r\n  register(user: Register): Observable<Object> {\r\n    return this.httpClient.post('/api/register', user);\r\n  }\r\n\r\n  login(user: Login): Observable<Object> {\r\n    return this.httpClient.post('/api/login', user);\r\n  }\r\n}\r\n"
      ],
      "mappings": ";;AASA,WAAaA,WAAW;EAAlB,MAAOA,WAAW;IACFC,UAAA;IAApBC,YAAoBD,UAAsB;MAAtB,KAAAA,UAAU,GAAVA,UAAU;IAAgB;IAE9CE,QAAQA,CAACC,IAAc;MACrB,OAAO,IAAI,CAACH,UAAU,CAACI,IAAI,CAAC,eAAe,EAAED,IAAI,CAAC;IACpD;IAEAE,KAAKA,CAACF,IAAW;MACf,OAAO,IAAI,CAACH,UAAU,CAACI,IAAI,CAAC,YAAY,EAAED,IAAI,CAAC;IACjD;;uCATWJ,WAAW,EAAAO,EAAA,CAAAC,QAAA,CAAAC,EAAA,CAAAC,UAAA;IAAA;;aAAXV,WAAW;MAAAW,OAAA,EAAXX,WAAW,CAAAY,IAAA;MAAAC,UAAA,EAFV;IAAM;;SAEPb,WAAW;AAAA",
      "ignoreList": []
    },
    "_coverageSchema": "1a1c01bbd47fc00a2c39e90264f33305004495a9",
    "hash": "1415f0720e1b447e2ab96407da27fdd95f1abec3"
  },
  "D:\\Code\\OpClss\\project1\\Front-end\\src\\app\\pages\\register\\register.component.ts": {
    "path": "D:\\Code\\OpClss\\project1\\Front-end\\src\\app\\pages\\register\\register.component.ts",
    "statementMap": {
      "0": {
        "start": {
          "line": 11,
          "column": 12
        },
        "end": {
          "line": 13,
          "column": 2
        }
      },
      "1": {
        "start": {
          "line": 11,
          "column": 19
        },
        "end": {
          "line": 13,
          "column": 1
        }
      },
      "2": {
        "start": {
          "line": 15,
          "column": 2
        },
        "end": {
          "line": 19,
          "column": 3
        }
      },
      "3": {
        "start": {
          "line": 16,
          "column": 4
        },
        "end": {
          "line": 16,
          "column": 32
        }
      },
      "4": {
        "start": {
          "line": 17,
          "column": 4
        },
        "end": {
          "line": 17,
          "column": 43
        }
      },
      "5": {
        "start": {
          "line": 18,
          "column": 4
        },
        "end": {
          "line": 18,
          "column": 22
        }
      },
      "6": {
        "start": {
          "line": 22,
          "column": 2
        },
        "end": {
          "line": 26,
          "column": 3
        }
      },
      "7": {
        "start": {
          "line": 23,
          "column": 4
        },
        "end": {
          "line": 23,
          "column": 35
        }
      },
      "8": {
        "start": {
          "line": 24,
          "column": 4
        },
        "end": {
          "line": 24,
          "column": 91
        }
      },
      "9": {
        "start": {
          "line": 25,
          "column": 4
        },
        "end": {
          "line": 25,
          "column": 22
        }
      },
      "10": {
        "start": {
          "line": 27,
          "column": 2
        },
        "end": {
          "line": 31,
          "column": 3
        }
      },
      "11": {
        "start": {
          "line": 28,
          "column": 19
        },
        "end": {
          "line": 28,
          "column": 37
        }
      },
      "12": {
        "start": {
          "line": 29,
          "column": 4
        },
        "end": {
          "line": 29,
          "column": 19
        }
      },
      "13": {
        "start": {
          "line": 30,
          "column": 4
        },
        "end": {
          "line": 30,
          "column": 126
        }
      },
      "14": {
        "start": {
          "line": 34,
          "column": 2
        },
        "end": {
          "line": 38,
          "column": 3
        }
      },
      "15": {
        "start": {
          "line": 35,
          "column": 4
        },
        "end": {
          "line": 35,
          "column": 32
        }
      },
      "16": {
        "start": {
          "line": 36,
          "column": 4
        },
        "end": {
          "line": 36,
          "column": 42
        }
      },
      "17": {
        "start": {
          "line": 37,
          "column": 4
        },
        "end": {
          "line": 37,
          "column": 22
        }
      },
      "18": {
        "start": {
          "line": 41,
          "column": 2
        },
        "end": {
          "line": 45,
          "column": 3
        }
      },
      "19": {
        "start": {
          "line": 42,
          "column": 4
        },
        "end": {
          "line": 42,
          "column": 35
        }
      },
      "20": {
        "start": {
          "line": 43,
          "column": 4
        },
        "end": {
          "line": 43,
          "column": 91
        }
      },
      "21": {
        "start": {
          "line": 44,
          "column": 4
        },
        "end": {
          "line": 44,
          "column": 22
        }
      },
      "22": {
        "start": {
          "line": 46,
          "column": 2
        },
        "end": {
          "line": 50,
          "column": 3
        }
      },
      "23": {
        "start": {
          "line": 47,
          "column": 19
        },
        "end": {
          "line": 47,
          "column": 37
        }
      },
      "24": {
        "start": {
          "line": 48,
          "column": 4
        },
        "end": {
          "line": 48,
          "column": 19
        }
      },
      "25": {
        "start": {
          "line": 49,
          "column": 4
        },
        "end": {
          "line": 49,
          "column": 124
        }
      },
      "26": {
        "start": {
          "line": 53,
          "column": 2
        },
        "end": {
          "line": 57,
          "column": 3
        }
      },
      "27": {
        "start": {
          "line": 54,
          "column": 4
        },
        "end": {
          "line": 54,
          "column": 32
        }
      },
      "28": {
        "start": {
          "line": 55,
          "column": 4
        },
        "end": {
          "line": 55,
          "column": 38
        }
      },
      "29": {
        "start": {
          "line": 56,
          "column": 4
        },
        "end": {
          "line": 56,
          "column": 22
        }
      },
      "30": {
        "start": {
          "line": 60,
          "column": 2
        },
        "end": {
          "line": 64,
          "column": 3
        }
      },
      "31": {
        "start": {
          "line": 61,
          "column": 4
        },
        "end": {
          "line": 61,
          "column": 35
        }
      },
      "32": {
        "start": {
          "line": 62,
          "column": 4
        },
        "end": {
          "line": 62,
          "column": 91
        }
      },
      "33": {
        "start": {
          "line": 63,
          "column": 4
        },
        "end": {
          "line": 63,
          "column": 22
        }
      },
      "34": {
        "start": {
          "line": 65,
          "column": 2
        },
        "end": {
          "line": 69,
          "column": 3
        }
      },
      "35": {
        "start": {
          "line": 66,
          "column": 19
        },
        "end": {
          "line": 66,
          "column": 37
        }
      },
      "36": {
        "start": {
          "line": 67,
          "column": 4
        },
        "end": {
          "line": 67,
          "column": 19
        }
      },
      "37": {
        "start": {
          "line": 68,
          "column": 4
        },
        "end": {
          "line": 68,
          "column": 118
        }
      },
      "38": {
        "start": {
          "line": 72,
          "column": 2
        },
        "end": {
          "line": 76,
          "column": 3
        }
      },
      "39": {
        "start": {
          "line": 73,
          "column": 4
        },
        "end": {
          "line": 73,
          "column": 32
        }
      },
      "40": {
        "start": {
          "line": 74,
          "column": 4
        },
        "end": {
          "line": 74,
          "column": 41
        }
      },
      "41": {
        "start": {
          "line": 75,
          "column": 4
        },
        "end": {
          "line": 75,
          "column": 22
        }
      },
      "42": {
        "start": {
          "line": 79,
          "column": 2
        },
        "end": {
          "line": 83,
          "column": 3
        }
      },
      "43": {
        "start": {
          "line": 80,
          "column": 4
        },
        "end": {
          "line": 80,
          "column": 35
        }
      },
      "44": {
        "start": {
          "line": 81,
          "column": 4
        },
        "end": {
          "line": 81,
          "column": 91
        }
      },
      "45": {
        "start": {
          "line": 82,
          "column": 4
        },
        "end": {
          "line": 82,
          "column": 22
        }
      },
      "46": {
        "start": {
          "line": 84,
          "column": 2
        },
        "end": {
          "line": 88,
          "column": 3
        }
      },
      "47": {
        "start": {
          "line": 85,
          "column": 19
        },
        "end": {
          "line": 85,
          "column": 37
        }
      },
      "48": {
        "start": {
          "line": 86,
          "column": 4
        },
        "end": {
          "line": 86,
          "column": 19
        }
      },
      "49": {
        "start": {
          "line": 87,
          "column": 4
        },
        "end": {
          "line": 87,
          "column": 124
        }
      },
      "50": {
        "start": {
          "line": 90,
          "column": 44
        },
        "end": {
          "line": 208,
          "column": 4
        }
      },
      "51": {
        "start": {
          "line": 92,
          "column": 18
        },
        "end": {
          "line": 92,
          "column": 37
        }
      },
      "52": {
        "start": {
          "line": 93,
          "column": 18
        },
        "end": {
          "line": 93,
          "column": 37
        }
      },
      "53": {
        "start": {
          "line": 94,
          "column": 17
        },
        "end": {
          "line": 94,
          "column": 35
        }
      },
      "54": {
        "start": {
          "line": 95,
          "column": 13
        },
        "end": {
          "line": 95,
          "column": 27
        }
      },
      "55": {
        "start": {
          "line": 96,
          "column": 19
        },
        "end": {
          "line": 96,
          "column": 36
        }
      },
      "56": {
        "start": {
          "line": 97,
          "column": 16
        },
        "end": {
          "line": 97,
          "column": 21
        }
      },
      "57": {
        "start": {
          "line": 99,
          "column": 6
        },
        "end": {
          "line": 104,
          "column": 9
        }
      },
      "58": {
        "start": {
          "line": 107,
          "column": 6
        },
        "end": {
          "line": 107,
          "column": 40
        }
      },
      "59": {
        "start": {
          "line": 110,
          "column": 6
        },
        "end": {
          "line": 110,
          "column": 28
        }
      },
      "60": {
        "start": {
          "line": 111,
          "column": 6
        },
        "end": {
          "line": 113,
          "column": 7
        }
      },
      "61": {
        "start": {
          "line": 112,
          "column": 8
        },
        "end": {
          "line": 112,
          "column": 15
        }
      },
      "62": {
        "start": {
          "line": 114,
          "column": 27
        },
        "end": {
          "line": 119,
          "column": 7
        }
      },
      "63": {
        "start": {
          "line": 120,
          "column": 6
        },
        "end": {
          "line": 124,
          "column": 9
        }
      },
      "64": {
        "start": {
          "line": 122,
          "column": 10
        },
        "end": {
          "line": 122,
          "column": 43
        }
      },
      "65": {
        "start": {
          "line": 127,
          "column": 6
        },
        "end": {
          "line": 127,
          "column": 29
        }
      },
      "66": {
        "start": {
          "line": 128,
          "column": 6
        },
        "end": {
          "line": 128,
          "column": 32
        }
      },
      "67": {
        "start": {
          "line": 130,
          "column": 18
        },
        "end": {
          "line": 132,
          "column": 5
        }
      },
      "68": {
        "start": {
          "line": 131,
          "column": 6
        },
        "end": {
          "line": 131,
          "column": 60
        }
      },
      "69": {
        "start": {
          "line": 133,
          "column": 31
        },
        "end": {
          "line": 205,
          "column": 6
        }
      },
      "70": {
        "start": {
          "line": 140,
          "column": 8
        },
        "end": {
          "line": 181,
          "column": 9
        }
      },
      "71": {
        "start": {
          "line": 141,
          "column": 10
        },
        "end": {
          "line": 141,
          "column": 53
        }
      },
      "72": {
        "start": {
          "line": 142,
          "column": 10
        },
        "end": {
          "line": 142,
          "column": 44
        }
      },
      "73": {
        "start": {
          "line": 143,
          "column": 10
        },
        "end": {
          "line": 143,
          "column": 28
        }
      },
      "74": {
        "start": {
          "line": 144,
          "column": 10
        },
        "end": {
          "line": 144,
          "column": 55
        }
      },
      "75": {
        "start": {
          "line": 145,
          "column": 10
        },
        "end": {
          "line": 147,
          "column": 13
        }
      },
      "76": {
        "start": {
          "line": 146,
          "column": 12
        },
        "end": {
          "line": 146,
          "column": 34
        }
      },
      "77": {
        "start": {
          "line": 148,
          "column": 10
        },
        "end": {
          "line": 148,
          "column": 66
        }
      },
      "78": {
        "start": {
          "line": 149,
          "column": 10
        },
        "end": {
          "line": 149,
          "column": 37
        }
      },
      "79": {
        "start": {
          "line": 150,
          "column": 10
        },
        "end": {
          "line": 150,
          "column": 28
        }
      },
      "80": {
        "start": {
          "line": 151,
          "column": 10
        },
        "end": {
          "line": 151,
          "column": 38
        }
      },
      "81": {
        "start": {
          "line": 152,
          "column": 10
        },
        "end": {
          "line": 152,
          "column": 87
        }
      },
      "82": {
        "start": {
          "line": 153,
          "column": 10
        },
        "end": {
          "line": 153,
          "column": 28
        }
      },
      "83": {
        "start": {
          "line": 154,
          "column": 10
        },
        "end": {
          "line": 154,
          "column": 55
        }
      },
      "84": {
        "start": {
          "line": 155,
          "column": 10
        },
        "end": {
          "line": 155,
          "column": 37
        }
      },
      "85": {
        "start": {
          "line": 156,
          "column": 10
        },
        "end": {
          "line": 156,
          "column": 28
        }
      },
      "86": {
        "start": {
          "line": 157,
          "column": 10
        },
        "end": {
          "line": 157,
          "column": 39
        }
      },
      "87": {
        "start": {
          "line": 158,
          "column": 10
        },
        "end": {
          "line": 158,
          "column": 87
        }
      },
      "88": {
        "start": {
          "line": 159,
          "column": 10
        },
        "end": {
          "line": 159,
          "column": 30
        }
      },
      "89": {
        "start": {
          "line": 160,
          "column": 10
        },
        "end": {
          "line": 160,
          "column": 55
        }
      },
      "90": {
        "start": {
          "line": 161,
          "column": 10
        },
        "end": {
          "line": 161,
          "column": 33
        }
      },
      "91": {
        "start": {
          "line": 162,
          "column": 10
        },
        "end": {
          "line": 162,
          "column": 28
        }
      },
      "92": {
        "start": {
          "line": 163,
          "column": 10
        },
        "end": {
          "line": 163,
          "column": 40
        }
      },
      "93": {
        "start": {
          "line": 164,
          "column": 10
        },
        "end": {
          "line": 164,
          "column": 87
        }
      },
      "94": {
        "start": {
          "line": 165,
          "column": 10
        },
        "end": {
          "line": 165,
          "column": 28
        }
      },
      "95": {
        "start": {
          "line": 166,
          "column": 10
        },
        "end": {
          "line": 166,
          "column": 55
        }
      },
      "96": {
        "start": {
          "line": 167,
          "column": 10
        },
        "end": {
          "line": 167,
          "column": 36
        }
      },
      "97": {
        "start": {
          "line": 168,
          "column": 10
        },
        "end": {
          "line": 168,
          "column": 28
        }
      },
      "98": {
        "start": {
          "line": 169,
          "column": 10
        },
        "end": {
          "line": 169,
          "column": 40
        }
      },
      "99": {
        "start": {
          "line": 170,
          "column": 10
        },
        "end": {
          "line": 170,
          "column": 87
        }
      },
      "100": {
        "start": {
          "line": 171,
          "column": 10
        },
        "end": {
          "line": 171,
          "column": 28
        }
      },
      "101": {
        "start": {
          "line": 172,
          "column": 10
        },
        "end": {
          "line": 172,
          "column": 61
        }
      },
      "102": {
        "start": {
          "line": 173,
          "column": 10
        },
        "end": {
          "line": 173,
          "column": 36
        }
      },
      "103": {
        "start": {
          "line": 174,
          "column": 10
        },
        "end": {
          "line": 174,
          "column": 28
        }
      },
      "104": {
        "start": {
          "line": 175,
          "column": 10
        },
        "end": {
          "line": 175,
          "column": 46
        }
      },
      "105": {
        "start": {
          "line": 176,
          "column": 10
        },
        "end": {
          "line": 178,
          "column": 13
        }
      },
      "106": {
        "start": {
          "line": 177,
          "column": 12
        },
        "end": {
          "line": 177,
          "column": 33
        }
      },
      "107": {
        "start": {
          "line": 179,
          "column": 10
        },
        "end": {
          "line": 179,
          "column": 36
        }
      },
      "108": {
        "start": {
          "line": 180,
          "column": 10
        },
        "end": {
          "line": 180,
          "column": 36
        }
      },
      "109": {
        "start": {
          "line": 182,
          "column": 8
        },
        "end": {
          "line": 201,
          "column": 9
        }
      },
      "110": {
        "start": {
          "line": 183,
          "column": 10
        },
        "end": {
          "line": 183,
          "column": 26
        }
      },
      "111": {
        "start": {
          "line": 184,
          "column": 10
        },
        "end": {
          "line": 184,
          "column": 55
        }
      },
      "112": {
        "start": {
          "line": 185,
          "column": 10
        },
        "end": {
          "line": 185,
          "column": 26
        }
      },
      "113": {
        "start": {
          "line": 186,
          "column": 10
        },
        "end": {
          "line": 186,
          "column": 110
        }
      },
      "114": {
        "start": {
          "line": 187,
          "column": 10
        },
        "end": {
          "line": 187,
          "column": 25
        }
      },
      "115": {
        "start": {
          "line": 188,
          "column": 10
        },
        "end": {
          "line": 188,
          "column": 84
        }
      },
      "116": {
        "start": {
          "line": 189,
          "column": 10
        },
        "end": {
          "line": 189,
          "column": 26
        }
      },
      "117": {
        "start": {
          "line": 190,
          "column": 10
        },
        "end": {
          "line": 190,
          "column": 110
        }
      },
      "118": {
        "start": {
          "line": 191,
          "column": 10
        },
        "end": {
          "line": 191,
          "column": 25
        }
      },
      "119": {
        "start": {
          "line": 192,
          "column": 10
        },
        "end": {
          "line": 192,
          "column": 83
        }
      },
      "120": {
        "start": {
          "line": 193,
          "column": 10
        },
        "end": {
          "line": 193,
          "column": 26
        }
      },
      "121": {
        "start": {
          "line": 194,
          "column": 10
        },
        "end": {
          "line": 194,
          "column": 107
        }
      },
      "122": {
        "start": {
          "line": 195,
          "column": 10
        },
        "end": {
          "line": 195,
          "column": 25
        }
      },
      "123": {
        "start": {
          "line": 196,
          "column": 10
        },
        "end": {
          "line": 196,
          "column": 80
        }
      },
      "124": {
        "start": {
          "line": 197,
          "column": 10
        },
        "end": {
          "line": 197,
          "column": 26
        }
      },
      "125": {
        "start": {
          "line": 198,
          "column": 10
        },
        "end": {
          "line": 198,
          "column": 110
        }
      },
      "126": {
        "start": {
          "line": 199,
          "column": 10
        },
        "end": {
          "line": 199,
          "column": 25
        }
      },
      "127": {
        "start": {
          "line": 200,
          "column": 10
        },
        "end": {
          "line": 200,
          "column": 83
        }
      },
      "128": {
        "start": {
          "line": 207,
          "column": 2
        },
        "end": {
          "line": 207,
          "column": 27
        }
      }
    },
    "fnMap": {
      "0": {
        "name": "(anonymous_0)",
        "decl": {
          "start": {
            "line": 11,
            "column": 12
          },
          "end": {
            "line": 11,
            "column": 13
          }
        },
        "loc": {
          "start": {
            "line": 11,
            "column": 19
          },
          "end": {
            "line": 13,
            "column": 1
          }
        },
        "line": 11
      },
      "1": {
        "name": "RegisterComponent_Conditional_10_Conditional_1_Template",
        "decl": {
          "start": {
            "line": 14,
            "column": 9
          },
          "end": {
            "line": 14,
            "column": 64
          }
        },
        "loc": {
          "start": {
            "line": 14,
            "column": 74
          },
          "end": {
            "line": 20,
            "column": 1
          }
        },
        "line": 14
      },
      "2": {
        "name": "RegisterComponent_Conditional_10_Template",
        "decl": {
          "start": {
            "line": 21,
            "column": 9
          },
          "end": {
            "line": 21,
            "column": 50
          }
        },
        "loc": {
          "start": {
            "line": 21,
            "column": 60
          },
          "end": {
            "line": 32,
            "column": 1
          }
        },
        "line": 21
      },
      "3": {
        "name": "RegisterComponent_Conditional_15_Conditional_1_Template",
        "decl": {
          "start": {
            "line": 33,
            "column": 9
          },
          "end": {
            "line": 33,
            "column": 64
          }
        },
        "loc": {
          "start": {
            "line": 33,
            "column": 74
          },
          "end": {
            "line": 39,
            "column": 1
          }
        },
        "line": 33
      },
      "4": {
        "name": "RegisterComponent_Conditional_15_Template",
        "decl": {
          "start": {
            "line": 40,
            "column": 9
          },
          "end": {
            "line": 40,
            "column": 50
          }
        },
        "loc": {
          "start": {
            "line": 40,
            "column": 60
          },
          "end": {
            "line": 51,
            "column": 1
          }
        },
        "line": 40
      },
      "5": {
        "name": "RegisterComponent_Conditional_20_Conditional_1_Template",
        "decl": {
          "start": {
            "line": 52,
            "column": 9
          },
          "end": {
            "line": 52,
            "column": 64
          }
        },
        "loc": {
          "start": {
            "line": 52,
            "column": 74
          },
          "end": {
            "line": 58,
            "column": 1
          }
        },
        "line": 52
      },
      "6": {
        "name": "RegisterComponent_Conditional_20_Template",
        "decl": {
          "start": {
            "line": 59,
            "column": 9
          },
          "end": {
            "line": 59,
            "column": 50
          }
        },
        "loc": {
          "start": {
            "line": 59,
            "column": 60
          },
          "end": {
            "line": 70,
            "column": 1
          }
        },
        "line": 59
      },
      "7": {
        "name": "RegisterComponent_Conditional_25_Conditional_1_Template",
        "decl": {
          "start": {
            "line": 71,
            "column": 9
          },
          "end": {
            "line": 71,
            "column": 64
          }
        },
        "loc": {
          "start": {
            "line": 71,
            "column": 74
          },
          "end": {
            "line": 77,
            "column": 1
          }
        },
        "line": 71
      },
      "8": {
        "name": "RegisterComponent_Conditional_25_Template",
        "decl": {
          "start": {
            "line": 78,
            "column": 9
          },
          "end": {
            "line": 78,
            "column": 50
          }
        },
        "loc": {
          "start": {
            "line": 78,
            "column": 60
          },
          "end": {
            "line": 89,
            "column": 1
          }
        },
        "line": 78
      },
      "9": {
        "name": "(anonymous_9)",
        "decl": {
          "start": {
            "line": 90,
            "column": 45
          },
          "end": {
            "line": 90,
            "column": 46
          }
        },
        "loc": {
          "start": {
            "line": 90,
            "column": 51
          },
          "end": {
            "line": 208,
            "column": 1
          }
        },
        "line": 90
      },
      "10": {
        "name": "(anonymous_10)",
        "decl": {
          "start": {
            "line": 98,
            "column": 4
          },
          "end": {
            "line": 98,
            "column": 5
          }
        },
        "loc": {
          "start": {
            "line": 98,
            "column": 15
          },
          "end": {
            "line": 105,
            "column": 5
          }
        },
        "line": 98
      },
      "11": {
        "name": "(anonymous_11)",
        "decl": {
          "start": {
            "line": 106,
            "column": 4
          },
          "end": {
            "line": 106,
            "column": 5
          }
        },
        "loc": {
          "start": {
            "line": 106,
            "column": 15
          },
          "end": {
            "line": 108,
            "column": 5
          }
        },
        "line": 106
      },
      "12": {
        "name": "(anonymous_12)",
        "decl": {
          "start": {
            "line": 109,
            "column": 4
          },
          "end": {
            "line": 109,
            "column": 5
          }
        },
        "loc": {
          "start": {
            "line": 109,
            "column": 15
          },
          "end": {
            "line": 125,
            "column": 5
          }
        },
        "line": 109
      },
      "13": {
        "name": "(anonymous_13)",
        "decl": {
          "start": {
            "line": 121,
            "column": 14
          },
          "end": {
            "line": 121,
            "column": 15
          }
        },
        "loc": {
          "start": {
            "line": 121,
            "column": 20
          },
          "end": {
            "line": 123,
            "column": 9
          }
        },
        "line": 121
      },
      "14": {
        "name": "(anonymous_14)",
        "decl": {
          "start": {
            "line": 126,
            "column": 4
          },
          "end": {
            "line": 126,
            "column": 5
          }
        },
        "loc": {
          "start": {
            "line": 126,
            "column": 14
          },
          "end": {
            "line": 129,
            "column": 5
          }
        },
        "line": 126
      },
      "15": {
        "name": "RegisterComponent_Factory",
        "decl": {
          "start": {
            "line": 130,
            "column": 27
          },
          "end": {
            "line": 130,
            "column": 52
          }
        },
        "loc": {
          "start": {
            "line": 130,
            "column": 72
          },
          "end": {
            "line": 132,
            "column": 5
          }
        },
        "line": 130
      },
      "16": {
        "name": "RegisterComponent_Template",
        "decl": {
          "start": {
            "line": 139,
            "column": 25
          },
          "end": {
            "line": 139,
            "column": 51
          }
        },
        "loc": {
          "start": {
            "line": 139,
            "column": 61
          },
          "end": {
            "line": 202,
            "column": 7
          }
        },
        "line": 139
      },
      "17": {
        "name": "RegisterComponent_Template_form_ngSubmit_4_listener",
        "decl": {
          "start": {
            "line": 145,
            "column": 45
          },
          "end": {
            "line": 145,
            "column": 96
          }
        },
        "loc": {
          "start": {
            "line": 145,
            "column": 99
          },
          "end": {
            "line": 147,
            "column": 11
          }
        },
        "line": 145
      },
      "18": {
        "name": "RegisterComponent_Template_button_click_29_listener",
        "decl": {
          "start": {
            "line": 176,
            "column": 42
          },
          "end": {
            "line": 176,
            "column": 93
          }
        },
        "loc": {
          "start": {
            "line": 176,
            "column": 96
          },
          "end": {
            "line": 178,
            "column": 11
          }
        },
        "line": 176
      }
    },
    "branchMap": {
      "0": {
        "loc": {
          "start": {
            "line": 15,
            "column": 2
          },
          "end": {
            "line": 19,
            "column": 3
          }
        },
        "type": "if",
        "locations": [
          {
            "start": {
              "line": 15,
              "column": 2
            },
            "end": {
              "line": 19,
              "column": 3
            }
          },
          {
            "start": {},
            "end": {}
          }
        ],
        "line": 15
      },
      "1": {
        "loc": {
          "start": {
            "line": 22,
            "column": 2
          },
          "end": {
            "line": 26,
            "column": 3
          }
        },
        "type": "if",
        "locations": [
          {
            "start": {
              "line": 22,
              "column": 2
            },
            "end": {
              "line": 26,
              "column": 3
            }
          },
          {
            "start": {},
            "end": {}
          }
        ],
        "line": 22
      },
      "2": {
        "loc": {
          "start": {
            "line": 27,
            "column": 2
          },
          "end": {
            "line": 31,
            "column": 3
          }
        },
        "type": "if",
        "locations": [
          {
            "start": {
              "line": 27,
              "column": 2
            },
            "end": {
              "line": 31,
              "column": 3
            }
          },
          {
            "start": {},
            "end": {}
          }
        ],
        "line": 27
      },
      "3": {
        "loc": {
          "start": {
            "line": 30,
            "column": 21
          },
          "end": {
            "line": 30,
            "column": 124
          }
        },
        "type": "cond-expr",
        "locations": [
          {
            "start": {
              "line": 30,
              "column": 118
            },
            "end": {
              "line": 30,
              "column": 119
            }
          },
          {
            "start": {
              "line": 30,
              "column": 122
            },
            "end": {
              "line": 30,
              "column": 124
            }
          }
        ],
        "line": 30
      },
      "4": {
        "loc": {
          "start": {
            "line": 30,
            "column": 22
          },
          "end": {
            "line": 30,
            "column": 114
          }
        },
        "type": "cond-expr",
        "locations": [
          {
            "start": {
              "line": 30,
              "column": 64
            },
            "end": {
              "line": 30,
              "column": 68
            }
          },
          {
            "start": {
              "line": 30,
              "column": 71
            },
            "end": {
              "line": 30,
              "column": 114
            }
          }
        ],
        "line": 30
      },
      "5": {
        "loc": {
          "start": {
            "line": 34,
            "column": 2
          },
          "end": {
            "line": 38,
            "column": 3
          }
        },
        "type": "if",
        "locations": [
          {
            "start": {
              "line": 34,
              "column": 2
            },
            "end": {
              "line": 38,
              "column": 3
            }
          },
          {
            "start": {},
            "end": {}
          }
        ],
        "line": 34
      },
      "6": {
        "loc": {
          "start": {
            "line": 41,
            "column": 2
          },
          "end": {
            "line": 45,
            "column": 3
          }
        },
        "type": "if",
        "locations": [
          {
            "start": {
              "line": 41,
              "column": 2
            },
            "end": {
              "line": 45,
              "column": 3
            }
          },
          {
            "start": {},
            "end": {}
          }
        ],
        "line": 41
      },
      "7": {
        "loc": {
          "start": {
            "line": 46,
            "column": 2
          },
          "end": {
            "line": 50,
            "column": 3
          }
        },
        "type": "if",
        "locations": [
          {
            "start": {
              "line": 46,
              "column": 2
            },
            "end": {
              "line": 50,
              "column": 3
            }
          },
          {
            "start": {},
            "end": {}
          }
        ],
        "line": 46
      },
      "8": {
        "loc": {
          "start": {
            "line": 49,
            "column": 21
          },
          "end": {
            "line": 49,
            "column": 122
          }
        },
        "type": "cond-expr",
        "locations": [
          {
            "start": {
              "line": 49,
              "column": 116
            },
            "end": {
              "line": 49,
              "column": 117
            }
          },
          {
            "start": {
              "line": 49,
              "column": 120
            },
            "end": {
              "line": 49,
              "column": 122
            }
          }
        ],
        "line": 49
      },
      "9": {
        "loc": {
          "start": {
            "line": 49,
            "column": 22
          },
          "end": {
            "line": 49,
            "column": 112
          }
        },
        "type": "cond-expr",
        "locations": [
          {
            "start": {
              "line": 49,
              "column": 63
            },
            "end": {
              "line": 49,
              "column": 67
            }
          },
          {
            "start": {
              "line": 49,
              "column": 70
            },
            "end": {
              "line": 49,
              "column": 112
            }
          }
        ],
        "line": 49
      },
      "10": {
        "loc": {
          "start": {
            "line": 53,
            "column": 2
          },
          "end": {
            "line": 57,
            "column": 3
          }
        },
        "type": "if",
        "locations": [
          {
            "start": {
              "line": 53,
              "column": 2
            },
            "end": {
              "line": 57,
              "column": 3
            }
          },
          {
            "start": {},
            "end": {}
          }
        ],
        "line": 53
      },
      "11": {
        "loc": {
          "start": {
            "line": 60,
            "column": 2
          },
          "end": {
            "line": 64,
            "column": 3
          }
        },
        "type": "if",
        "locations": [
          {
            "start": {
              "line": 60,
              "column": 2
            },
            "end": {
              "line": 64,
              "column": 3
            }
          },
          {
            "start": {},
            "end": {}
          }
        ],
        "line": 60
      },
      "12": {
        "loc": {
          "start": {
            "line": 65,
            "column": 2
          },
          "end": {
            "line": 69,
            "column": 3
          }
        },
        "type": "if",
        "locations": [
          {
            "start": {
              "line": 65,
              "column": 2
            },
            "end": {
              "line": 69,
              "column": 3
            }
          },
          {
            "start": {},
            "end": {}
          }
        ],
        "line": 65
      },
      "13": {
        "loc": {
          "start": {
            "line": 68,
            "column": 21
          },
          "end": {
            "line": 68,
            "column": 116
          }
        },
        "type": "cond-expr",
        "locations": [
          {
            "start": {
              "line": 68,
              "column": 110
            },
            "end": {
              "line": 68,
              "column": 111
            }
          },
          {
            "start": {
              "line": 68,
              "column": 114
            },
            "end": {
              "line": 68,
              "column": 116
            }
          }
        ],
        "line": 68
      },
      "14": {
        "loc": {
          "start": {
            "line": 68,
            "column": 22
          },
          "end": {
            "line": 68,
            "column": 106
          }
        },
        "type": "cond-expr",
        "locations": [
          {
            "start": {
              "line": 68,
              "column": 60
            },
            "end": {
              "line": 68,
              "column": 64
            }
          },
          {
            "start": {
              "line": 68,
              "column": 67
            },
            "end": {
              "line": 68,
              "column": 106
            }
          }
        ],
        "line": 68
      },
      "15": {
        "loc": {
          "start": {
            "line": 72,
            "column": 2
          },
          "end": {
            "line": 76,
            "column": 3
          }
        },
        "type": "if",
        "locations": [
          {
            "start": {
              "line": 72,
              "column": 2
            },
            "end": {
              "line": 76,
              "column": 3
            }
          },
          {
            "start": {},
            "end": {}
          }
        ],
        "line": 72
      },
      "16": {
        "loc": {
          "start": {
            "line": 79,
            "column": 2
          },
          "end": {
            "line": 83,
            "column": 3
          }
        },
        "type": "if",
        "locations": [
          {
            "start": {
              "line": 79,
              "column": 2
            },
            "end": {
              "line": 83,
              "column": 3
            }
          },
          {
            "start": {},
            "end": {}
          }
        ],
        "line": 79
      },
      "17": {
        "loc": {
          "start": {
            "line": 84,
            "column": 2
          },
          "end": {
            "line": 88,
            "column": 3
          }
        },
        "type": "if",
        "locations": [
          {
            "start": {
              "line": 84,
              "column": 2
            },
            "end": {
              "line": 88,
              "column": 3
            }
          },
          {
            "start": {},
            "end": {}
          }
        ],
        "line": 84
      },
      "18": {
        "loc": {
          "start": {
            "line": 87,
            "column": 21
          },
          "end": {
            "line": 87,
            "column": 122
          }
        },
        "type": "cond-expr",
        "locations": [
          {
            "start": {
              "line": 87,
              "column": 116
            },
            "end": {
              "line": 87,
              "column": 117
            }
          },
          {
            "start": {
              "line": 87,
              "column": 120
            },
            "end": {
              "line": 87,
              "column": 122
            }
          }
        ],
        "line": 87
      },
      "19": {
        "loc": {
          "start": {
            "line": 87,
            "column": 22
          },
          "end": {
            "line": 87,
            "column": 112
          }
        },
        "type": "cond-expr",
        "locations": [
          {
            "start": {
              "line": 87,
              "column": 63
            },
            "end": {
              "line": 87,
              "column": 67
            }
          },
          {
            "start": {
              "line": 87,
              "column": 70
            },
            "end": {
              "line": 87,
              "column": 112
            }
          }
        ],
        "line": 87
      },
      "20": {
        "loc": {
          "start": {
            "line": 111,
            "column": 6
          },
          "end": {
            "line": 113,
            "column": 7
          }
        },
        "type": "if",
        "locations": [
          {
            "start": {
              "line": 111,
              "column": 6
            },
            "end": {
              "line": 113,
              "column": 7
            }
          },
          {
            "start": {},
            "end": {}
          }
        ],
        "line": 111
      },
      "21": {
        "loc": {
          "start": {
            "line": 131,
            "column": 18
          },
          "end": {
            "line": 131,
            "column": 56
          }
        },
        "type": "binary-expr",
        "locations": [
          {
            "start": {
              "line": 131,
              "column": 18
            },
            "end": {
              "line": 131,
              "column": 35
            }
          },
          {
            "start": {
              "line": 131,
              "column": 39
            },
            "end": {
              "line": 131,
              "column": 56
            }
          }
        ],
        "line": 131
      },
      "22": {
        "loc": {
          "start": {
            "line": 140,
            "column": 8
          },
          "end": {
            "line": 181,
            "column": 9
          }
        },
        "type": "if",
        "locations": [
          {
            "start": {
              "line": 140,
              "column": 8
            },
            "end": {
              "line": 181,
              "column": 9
            }
          },
          {
            "start": {},
            "end": {}
          }
        ],
        "line": 140
      },
      "23": {
        "loc": {
          "start": {
            "line": 182,
            "column": 8
          },
          "end": {
            "line": 201,
            "column": 9
          }
        },
        "type": "if",
        "locations": [
          {
            "start": {
              "line": 182,
              "column": 8
            },
            "end": {
              "line": 201,
              "column": 9
            }
          },
          {
            "start": {},
            "end": {}
          }
        ],
        "line": 182
      },
      "24": {
        "loc": {
          "start": {
            "line": 186,
            "column": 62
          },
          "end": {
            "line": 186,
            "column": 107
          }
        },
        "type": "binary-expr",
        "locations": [
          {
            "start": {
              "line": 186,
              "column": 62
            },
            "end": {
              "line": 186,
              "column": 75
            }
          },
          {
            "start": {
              "line": 186,
              "column": 79
            },
            "end": {
              "line": 186,
              "column": 107
            }
          }
        ],
        "line": 186
      },
      "25": {
        "loc": {
          "start": {
            "line": 188,
            "column": 27
          },
          "end": {
            "line": 188,
            "column": 82
          }
        },
        "type": "cond-expr",
        "locations": [
          {
            "start": {
              "line": 188,
              "column": 75
            },
            "end": {
              "line": 188,
              "column": 77
            }
          },
          {
            "start": {
              "line": 188,
              "column": 80
            },
            "end": {
              "line": 188,
              "column": 82
            }
          }
        ],
        "line": 188
      },
      "26": {
        "loc": {
          "start": {
            "line": 188,
            "column": 27
          },
          "end": {
            "line": 188,
            "column": 72
          }
        },
        "type": "binary-expr",
        "locations": [
          {
            "start": {
              "line": 188,
              "column": 27
            },
            "end": {
              "line": 188,
              "column": 40
            }
          },
          {
            "start": {
              "line": 188,
              "column": 44
            },
            "end": {
              "line": 188,
              "column": 72
            }
          }
        ],
        "line": 188
      },
      "27": {
        "loc": {
          "start": {
            "line": 190,
            "column": 63
          },
          "end": {
            "line": 190,
            "column": 107
          }
        },
        "type": "binary-expr",
        "locations": [
          {
            "start": {
              "line": 190,
              "column": 63
            },
            "end": {
              "line": 190,
              "column": 76
            }
          },
          {
            "start": {
              "line": 190,
              "column": 80
            },
            "end": {
              "line": 190,
              "column": 107
            }
          }
        ],
        "line": 190
      },
      "28": {
        "loc": {
          "start": {
            "line": 192,
            "column": 27
          },
          "end": {
            "line": 192,
            "column": 81
          }
        },
        "type": "cond-expr",
        "locations": [
          {
            "start": {
              "line": 192,
              "column": 74
            },
            "end": {
              "line": 192,
              "column": 76
            }
          },
          {
            "start": {
              "line": 192,
              "column": 79
            },
            "end": {
              "line": 192,
              "column": 81
            }
          }
        ],
        "line": 192
      },
      "29": {
        "loc": {
          "start": {
            "line": 192,
            "column": 27
          },
          "end": {
            "line": 192,
            "column": 71
          }
        },
        "type": "binary-expr",
        "locations": [
          {
            "start": {
              "line": 192,
              "column": 27
            },
            "end": {
              "line": 192,
              "column": 40
            }
          },
          {
            "start": {
              "line": 192,
              "column": 44
            },
            "end": {
              "line": 192,
              "column": 71
            }
          }
        ],
        "line": 192
      },
      "30": {
        "loc": {
          "start": {
            "line": 194,
            "column": 63
          },
          "end": {
            "line": 194,
            "column": 104
          }
        },
        "type": "binary-expr",
        "locations": [
          {
            "start": {
              "line": 194,
              "column": 63
            },
            "end": {
              "line": 194,
              "column": 76
            }
          },
          {
            "start": {
              "line": 194,
              "column": 80
            },
            "end": {
              "line": 194,
              "column": 104
            }
          }
        ],
        "line": 194
      },
      "31": {
        "loc": {
          "start": {
            "line": 196,
            "column": 27
          },
          "end": {
            "line": 196,
            "column": 78
          }
        },
        "type": "cond-expr",
        "locations": [
          {
            "start": {
              "line": 196,
              "column": 71
            },
            "end": {
              "line": 196,
              "column": 73
            }
          },
          {
            "start": {
              "line": 196,
              "column": 76
            },
            "end": {
              "line": 196,
              "column": 78
            }
          }
        ],
        "line": 196
      },
      "32": {
        "loc": {
          "start": {
            "line": 196,
            "column": 27
          },
          "end": {
            "line": 196,
            "column": 68
          }
        },
        "type": "binary-expr",
        "locations": [
          {
            "start": {
              "line": 196,
              "column": 27
            },
            "end": {
              "line": 196,
              "column": 40
            }
          },
          {
            "start": {
              "line": 196,
              "column": 44
            },
            "end": {
              "line": 196,
              "column": 68
            }
          }
        ],
[...]
            },
            "end": {
              "line": 87,
              "column": 9
            }
          },
          {
            "start": {},
            "end": {}
          }
        ],
        "line": 50
      },
      "4": {
        "loc": {
          "start": {
            "line": 88,
            "column": 8
          },
          "end": {
            "line": 95,
            "column": 9
          }
        },
        "type": "if",
        "locations": [
          {
            "start": {
              "line": 88,
              "column": 8
            },
            "end": {
              "line": 95,
              "column": 9
            }
          },
          {
            "start": {},
            "end": {}
          }
        ],
        "line": 88
      },
      "5": {
        "loc": {
          "start": {
            "line": 90,
            "column": 31
          },
          "end": {
            "line": 90,
            "column": 82
          }
        },
        "type": "cond-expr",
        "locations": [
          {
            "start": {
              "line": 90,
              "column": 54
            },
            "end": {
              "line": 90,
              "column": 58
            }
          },
          {
            "start": {
              "line": 90,
              "column": 61
            },
            "end": {
              "line": 90,
              "column": 82
            }
          }
        ],
        "line": 90
      },
      "6": {
        "loc": {
          "start": {
            "line": 92,
            "column": 31
          },
          "end": {
            "line": 92,
            "column": 83
          }
        },
        "type": "cond-expr",
        "locations": [
          {
            "start": {
              "line": 92,
              "column": 54
            },
            "end": {
              "line": 92,
              "column": 58
            }
          },
          {
            "start": {
              "line": 92,
              "column": 61
            },
            "end": {
              "line": 92,
              "column": 83
            }
          }
        ],
        "line": 92
      },
      "7": {
        "loc": {
          "start": {
            "line": 94,
            "column": 31
          },
          "end": {
            "line": 94,
            "column": 79
          }
        },
        "type": "cond-expr",
        "locations": [
          {
            "start": {
              "line": 94,
              "column": 54
            },
            "end": {
              "line": 94,
              "column": 58
            }
          },
          {
            "start": {
              "line": 94,
              "column": 61
            },
            "end": {
              "line": 94,
              "column": 79
            }
          }
        ],
        "line": 94
      }
    },
    "s": {
      "0": 100,
      "1": 6,
      "2": 6,
      "3": 6,
      "4": 6,
      "5": 6,
      "6": 6,
      "7": 6,
      "8": 6,
      "9": 6,
      "10": 0,
      "11": 6,
      "12": 6,
      "13": 6,
      "14": 0,
      "15": 100,
      "16": 6,
      "17": 100,
      "18": 42,
      "19": 6,
      "20": 6,
      "21": 6,
      "22": 6,
      "23": 6,
      "24": 6,
      "25": 6,
      "26": 6,
      "27": 6,
      "28": 6,
      "29": 6,
      "30": 6,
      "31": 6,
      "32": 6,
      "33": 6,
      "34": 6,
      "35": 6,
      "36": 6,
      "37": 6,
      "38": 6,
      "39": 6,
      "40": 6,
      "41": 6,
      "42": 6,
      "43": 6,
      "44": 6,
      "45": 6,
      "46": 6,
      "47": 6,
      "48": 6,
      "49": 6,
      "50": 0,
      "51": 6,
      "52": 6,
      "53": 42,
      "54": 36,
      "55": 36,
      "56": 36,
      "57": 36,
      "58": 36,
      "59": 36,
      "60": 100
    },
    "f": {
      "0": 100,
      "1": 6,
      "2": 6,
      "3": 6,
      "4": 0,
      "5": 6,
      "6": 6,
      "7": 0,
      "8": 6,
      "9": 42,
      "10": 6,
      "11": 0
    },
    "b": {
      "0": [
        6,
        0
      ],
      "1": [
        6,
        6
      ],
      "2": [
        6,
        6
      ],
      "3": [
        6,
        36
      ],
      "4": [
        36,
        6
      ],
      "5": [
        12,
        24
      ],
      "6": [
        12,
        24
      ],
      "7": [
        12,
        24
      ]
    },
    "inputSourceMap": {
      "version": 3,
      "names": [
        "inject",
        "DestroyRef",
        "CommonModule",
        "Router",
        "ActivatedRoute",
        "MaterialModule",
        "EtudiantService",
        "takeUntilDestroyed",
        "EtuDeleteComponent",
        "etudiantService",
        "router",
        "route",
        "destroyRef",
        "etudiant",
        "ngOnInit",
        "params",
        "subscribe",
        "id",
        "Number",
        "getEtudiantById",
        "pipe",
        "next",
        "response",
        "error",
        "navigate",
        "deleteEtudiant",
        "goBack",
        "selectors",
        "decls",
        "vars",
        "consts",
        "template",
        "EtuDeleteComponent_Template",
        "rf",
        "ctx",
        "i0",
        "ɵɵelementStart",
        "ɵɵtext",
        "ɵɵelementEnd",
        "ɵɵlistener",
        "EtuDeleteComponent_Template_button_click_24_listener",
        "EtuDeleteComponent_Template_button_click_26_listener",
        "ɵɵadvance",
        "ɵɵtextInterpolate",
        "lastName",
        "firstName",
        "email",
        "styles"
      ],
      "sources": [
        "D:\\Code\\OpClss\\project1\\Front-end\\src\\app\\pages\\etudiant\\delete\\etuDelete.component.ts",
        "D:\\Code\\OpClss\\project1\\Front-end\\src\\app\\pages\\etudiant\\delete\\etuDelete.component.html"
      ],
      "sourcesContent": [
        "import { Component, OnInit, inject, DestroyRef } from '@angular/core';\r\nimport { CommonModule } from '@angular/common';\r\nimport { Router, ActivatedRoute } from '@angular/router';\r\nimport { MaterialModule } from '../../../shared/material.module';\r\nimport { EtudiantService } from '../../../core/service/etudiant.service';\r\nimport { Etudiant } from '../../../core/models/Etudiant';\r\nimport { takeUntilDestroyed } from '@angular/core/rxjs-interop';\r\n\r\n@Component({\r\n    selector: 'app-etudiant-delete',\r\n    imports: [CommonModule, MaterialModule],\r\n    templateUrl: './etuDelete.component.html',\r\n    standalone: true,\r\n    styleUrl: './etuDelete.component.css'\r\n})\r\nexport class EtuDeleteComponent implements OnInit {\r\n    private etudiantService = inject(EtudiantService);\r\n    private router = inject(Router);\r\n    private route = inject(ActivatedRoute);\r\n    private destroyRef = inject(DestroyRef);\r\n    etudiant: Etudiant | null = null;\r\n\r\n    ngOnInit() {\r\n        this.route.params.subscribe(params => {\r\n                const id = Number(params['id']);\r\n                this.etudiantService.getEtudiantById(id)\r\n                    .pipe(takeUntilDestroyed(this.destroyRef))\r\n                    .subscribe({\r\n                        next: (response: any) => {\r\n                            this.etudiant = response;\r\n                        },\r\n                        error: () => {\r\n                            this.router.navigate(['/etudiant']);\r\n                        }\r\n                    });\r\n            });\r\n    }\r\n\r\n    deleteEtudiant() {\r\n        if (this.etudiant && this.etudiant.id) {\r\n            this.etudiantService.deleteEtudiant(this.etudiant.id)\r\n                .pipe(takeUntilDestroyed(this.destroyRef))\r\n                .subscribe({\r\n                    next: () => {\r\n                        this.router.navigate(['/etudiant']);\r\n                    }\r\n                });\r\n        }\r\n    }\r\n\r\n    goBack() {\r\n        this.router.navigate(['/etudiant']);\r\n    }\r\n\r\n}",
        "<div class=\"card m-3\">\r\n    <h5 class=\"card-title\">Supprimer un étudiant</h5>\r\n    <div class=\"card-body\">\r\n        <p class=\"card-text\">Êtes-vous sûr de vouloir supprimer cet étudiant ?</p>\r\n        <table class=\"table table-striped\">\r\n            <tbody>\r\n                <tr>\r\n                    <th scope=\"row\">Nom</th>\r\n                    <td name=\"lastName\">{{ etudiant?.lastName }}</td>\r\n                </tr>\r\n                <tr>\r\n                    <th scope=\"row\">Prénom</th>\r\n                    <td name=\"firstName\">{{ etudiant?.firstName }}</td>\r\n                </tr>\r\n                <tr>\r\n                    <th scope=\"row\">Email</th>\r\n                    <td name=\"email\">{{ etudiant?.email }}</td>\r\n                </tr>\r\n            </tbody>\r\n        </table>\r\n        <div class=\"text-center\">\r\n            <button class=\"btn btn-danger\" name=\"deleteEtudiant\" (click)=\"deleteEtudiant()\">Supprimer</button>\r\n            <button class=\"btn btn-secondary\" name=\"goBack\" (click)=\"goBack()\">Retour</button>\r\n        </div>\r\n    </div>\r\n</div>"
      ],
      "mappings": "AAAA,SAA4BA,MAAM,EAAEC,UAAU,QAAQ,eAAe;AACrE,SAASC,YAAY,QAAQ,iBAAiB;AAC9C,SAASC,MAAM,EAAEC,cAAc,QAAQ,iBAAiB;AACxD,SAASC,cAAc,QAAQ,iCAAiC;AAChE,SAASC,eAAe,QAAQ,wCAAwC;AAExE,SAASC,kBAAkB,QAAQ,4BAA4B;;AAS/D,WAAaC,kBAAkB;EAAzB,MAAOA,kBAAkB;IACnBC,eAAe,GAAGT,MAAM,CAACM,eAAe,CAAC;IACzCI,MAAM,GAAGV,MAAM,CAACG,MAAM,CAAC;IACvBQ,KAAK,GAAGX,MAAM,CAACI,cAAc,CAAC;IAC9BQ,UAAU,GAAGZ,MAAM,CAACC,UAAU,CAAC;IACvCY,QAAQ,GAAoB,IAAI;IAEhCC,QAAQA,CAAA;MACJ,IAAI,CAACH,KAAK,CAACI,MAAM,CAACC,SAAS,CAACD,MAAM,IAAG;QAC7B,MAAME,EAAE,GAAGC,MAAM,CAACH,MAAM,CAAC,IAAI,CAAC,CAAC;QAC/B,IAAI,CAACN,eAAe,CAACU,eAAe,CAACF,EAAE,CAAC,CACnCG,IAAI,CAACb,kBAAkB,CAAC,IAAI,CAACK,UAAU,CAAC,CAAC,CACzCI,SAAS,CAAC;UACPK,IAAI,EAAGC,QAAa,IAAI;YACpB,IAAI,CAACT,QAAQ,GAAGS,QAAQ;UAC5B,CAAC;UACDC,KAAK,EAAEA,CAAA,KAAK;YACR,IAAI,CAACb,MAAM,CAACc,QAAQ,CAAC,CAAC,WAAW,CAAC,CAAC;UACvC;SACH,CAAC;MACV,CAAC,CAAC;IACV;IAEAC,cAAcA,CAAA;MACV,IAAI,IAAI,CAACZ,QAAQ,IAAI,IAAI,CAACA,QAAQ,CAACI,EAAE,EAAE;QACnC,IAAI,CAACR,eAAe,CAACgB,cAAc,CAAC,IAAI,CAACZ,QAAQ,CAACI,EAAE,CAAC,CAChDG,IAAI,CAACb,kBAAkB,CAAC,IAAI,CAACK,UAAU,CAAC,CAAC,CACzCI,SAAS,CAAC;UACPK,IAAI,EAAEA,CAAA,KAAK;YACP,IAAI,CAACX,MAAM,CAACc,QAAQ,CAAC,CAAC,WAAW,CAAC,CAAC;UACvC;SACH,CAAC;MACV;IACJ;IAEAE,MAAMA,CAAA;MACF,IAAI,CAAChB,MAAM,CAACc,QAAQ,CAAC,CAAC,WAAW,CAAC,CAAC;IACvC;;uCArCShB,kBAAkB;IAAA;;YAAlBA,kBAAkB;MAAAmB,SAAA;MAAAC,KAAA;MAAAC,IAAA;MAAAC,MAAA;MAAAC,QAAA,WAAAC,4BAAAC,EAAA,EAAAC,GAAA;QAAA,IAAAD,EAAA;UCd3BE,EADJ,CAAAC,cAAA,aAAsB,YACK;UAAAD,EAAA,CAAAE,MAAA,iCAAqB;UAAAF,EAAA,CAAAG,YAAA,EAAK;UAE7CH,EADJ,CAAAC,cAAA,aAAuB,WACE;UAAAD,EAAA,CAAAE,MAAA,uEAAiD;UAAAF,EAAA,CAAAG,YAAA,EAAI;UAI9DH,EAHZ,CAAAC,cAAA,eAAmC,YACxB,SACC,YACgB;UAAAD,EAAA,CAAAE,MAAA,WAAG;UAAAF,EAAA,CAAAG,YAAA,EAAK;UACxBH,EAAA,CAAAC,cAAA,aAAoB;UAAAD,EAAA,CAAAE,MAAA,IAAwB;UAChDF,EADgD,CAAAG,YAAA,EAAK,EAChD;UAEDH,EADJ,CAAAC,cAAA,UAAI,aACgB;UAAAD,EAAA,CAAAE,MAAA,mBAAM;UAAAF,EAAA,CAAAG,YAAA,EAAK;UAC3BH,EAAA,CAAAC,cAAA,aAAqB;UAAAD,EAAA,CAAAE,MAAA,IAAyB;UAClDF,EADkD,CAAAG,YAAA,EAAK,EAClD;UAEDH,EADJ,CAAAC,cAAA,UAAI,aACgB;UAAAD,EAAA,CAAAE,MAAA,aAAK;UAAAF,EAAA,CAAAG,YAAA,EAAK;UAC1BH,EAAA,CAAAC,cAAA,aAAiB;UAAAD,EAAA,CAAAE,MAAA,IAAqB;UAGlDF,EAHkD,CAAAG,YAAA,EAAK,EAC1C,EACD,EACJ;UAEJH,EADJ,CAAAC,cAAA,cAAyB,kBAC2D;UAA3BD,EAAA,CAAAI,UAAA,mBAAAC,qDAAA;YAAA,OAASN,GAAA,CAAAT,cAAA,EAAgB;UAAA,EAAC;UAACU,EAAA,CAAAE,MAAA,iBAAS;UAAAF,EAAA,CAAAG,YAAA,EAAS;UAClGH,EAAA,CAAAC,cAAA,kBAAmE;UAAnBD,EAAA,CAAAI,UAAA,mBAAAE,qDAAA;YAAA,OAASP,GAAA,CAAAR,MAAA,EAAQ;UAAA,EAAC;UAACS,EAAA,CAAAE,MAAA,cAAM;UAGrFF,EAHqF,CAAAG,YAAA,EAAS,EAChF,EACJ,EACJ;;;UAjBkCH,EAAA,CAAAO,SAAA,IAAwB;UAAxBP,EAAA,CAAAQ,iBAAA,CAAAT,GAAA,CAAArB,QAAA,kBAAAqB,GAAA,CAAArB,QAAA,CAAA+B,QAAA,CAAwB;UAIvBT,EAAA,CAAAO,SAAA,GAAyB;UAAzBP,EAAA,CAAAQ,iBAAA,CAAAT,GAAA,CAAArB,QAAA,kBAAAqB,GAAA,CAAArB,QAAA,CAAAgC,SAAA,CAAyB;UAI7BV,EAAA,CAAAO,SAAA,GAAqB;UAArBP,EAAA,CAAAQ,iBAAA,CAAAT,GAAA,CAAArB,QAAA,kBAAAqB,GAAA,CAAArB,QAAA,CAAAiC,KAAA,CAAqB;;;qBDN5C5C,YAAY,EAAEG,cAAc;MAAA0C,MAAA;IAAA;;SAK7BvC,kBAAkB;AAAA",
      "ignoreList": []
    },
    "_coverageSchema": "1a1c01bbd47fc00a2c39e90264f33305004495a9",
    "hash": "7e547eee3486ed67a9c04b443f272940c8021199"
  },
  "D:\\Code\\OpClss\\project1\\Front-end\\src\\app\\app.routes.ts": {
    "path": "D:\\Code\\OpClss\\project1\\Front-end\\src\\app\\app.routes.ts",
    "statementMap": {
      "0": {
        "start": {
          "line": 10,
          "column": 22
        },
        "end": {
          "line": 39,
          "column": 2
        }
      }
    },
    "fnMap": {},
    "branchMap": {},
    "s": {
      "0": 100
    },
    "f": {},
    "b": {},
    "inputSourceMap": {
      "version": 3,
      "names": [
        "AuthGuard",
        "AppComponent",
        "RegisterComponent",
        "LoginComponent",
        "listComponent",
        "EtuDetailComponent",
        "EtuCreateComponent",
        "EtuUpdateComponent",
        "EtuDeleteComponent",
        "routes",
        "path",
        "component",
        "canActivate"
      ],
      "sources": [
        "D:\\Code\\OpClss\\project1\\Front-end\\src\\app\\app.routes.ts"
      ],
      "sourcesContent": [
        "import { Routes } from '@angular/router';\r\nimport { AuthGuard } from './auth-guard.guard';\r\nimport {AppComponent} from './app.component';\r\nimport {RegisterComponent} from './pages/register/register.component';\r\nimport {LoginComponent} from './pages/login/login.component';\r\nimport {listComponent} from './pages/etudiant/list/list.component';\r\nimport {EtuDetailComponent} from './pages/etudiant/detail/etuDetail.component';\r\nimport {EtuCreateComponent} from './pages/etudiant/create/etuCreate.component';\r\nimport {EtuUpdateComponent} from './pages/etudiant/update/etuUpdate.component';\r\nimport {EtuDeleteComponent} from './pages/etudiant/delete/etuDelete.component';\r\n\r\nexport const routes: Routes = [\r\n  {\r\n    path: '',\r\n    component: AppComponent,\r\n  },\r\n  {\r\n    path: 'register',\r\n    component: RegisterComponent\r\n  },\r\n  {\r\n    path: 'login',\r\n    component: LoginComponent\r\n\r\n  },\r\n  {\r\n    path: 'etudiant',\r\n    component: listComponent,\r\n    canActivate: [AuthGuard]\r\n  },\r\n  {\r\n    path: 'etudiant/detail/:id',\r\n    component: EtuDetailComponent,\r\n    canActivate: [AuthGuard]\r\n  },\r\n  {\r\n    path: 'etudiant/create',\r\n    component: EtuCreateComponent,\r\n    canActivate: [AuthGuard]\r\n  },\r\n  {\r\n    path: 'etudiant/update/:id',\r\n    component: EtuUpdateComponent,\r\n    canActivate: [AuthGuard]\r\n  },\r\n  {\r\n    path: 'etudiant/delete/:id',\r\n    component: EtuDeleteComponent,\r\n    canActivate: [AuthGuard]\r\n  }\r\n\r\n];\r\n"
      ],
      "mappings": "AACA,SAASA,SAAS,QAAQ,oBAAoB;AAC9C,SAAQC,YAAY,QAAO,iBAAiB;AAC5C,SAAQC,iBAAiB,QAAO,qCAAqC;AACrE,SAAQC,cAAc,QAAO,+BAA+B;AAC5D,SAAQC,aAAa,QAAO,sCAAsC;AAClE,SAAQC,kBAAkB,QAAO,6CAA6C;AAC9E,SAAQC,kBAAkB,QAAO,6CAA6C;AAC9E,SAAQC,kBAAkB,QAAO,6CAA6C;AAC9E,SAAQC,kBAAkB,QAAO,6CAA6C;AAE9E,OAAO,MAAMC,MAAM,GAAW,CAC5B;EACEC,IAAI,EAAE,EAAE;EACRC,SAAS,EAAEV;CACZ,EACD;EACES,IAAI,EAAE,UAAU;EAChBC,SAAS,EAAET;CACZ,EACD;EACEQ,IAAI,EAAE,OAAO;EACbC,SAAS,EAAER;CAEZ,EACD;EACEO,IAAI,EAAE,UAAU;EAChBC,SAAS,EAAEP,aAAa;EACxBQ,WAAW,EAAE,CAACZ,SAAS;CACxB,EACD;EACEU,IAAI,EAAE,qBAAqB;EAC3BC,SAAS,EAAEN,kBAAkB;EAC7BO,WAAW,EAAE,CAACZ,SAAS;CACxB,EACD;EACEU,IAAI,EAAE,iBAAiB;EACvBC,SAAS,EAAEL,kBAAkB;EAC7BM,WAAW,EAAE,CAACZ,SAAS;CACxB,EACD;EACEU,IAAI,EAAE,qBAAqB;EAC3BC,SAAS,EAAEJ,kBAAkB;EAC7BK,WAAW,EAAE,CAACZ,SAAS;CACxB,EACD;EACEU,IAAI,EAAE,qBAAqB;EAC3BC,SAAS,EAAEH,kBAAkB;EAC7BI,WAAW,EAAE,CAACZ,SAAS;CACxB,CAEF",
      "ignoreList": []
    },
    "_coverageSchema": "1a1c01bbd47fc00a2c39e90264f33305004495a9",
    "hash": "5cd9260e3c14d34918de72999b9304d90dc91982"
  },
  "D:\\Code\\OpClss\\project1\\Front-end\\src\\app\\app.config.ts": {
    "path": "D:\\Code\\OpClss\\project1\\Front-end\\src\\app\\app.config.ts",
    "statementMap": {
      "0": {
        "start": {
          "line": 5,
          "column": 25
        },
        "end": {
          "line": 9,
          "column": 1
        }
      }
    },
    "fnMap": {},
    "branchMap": {},
    "s": {
      "0": 100
    },
    "f": {},
    "b": {},
    "inputSourceMap": {
      "version": 3,
      "names": [
        "provideZoneChangeDetection",
        "provideRouter",
        "routes",
        "provideHttpClient",
        "appConfig",
        "providers",
        "eventCoalescing"
      ],
      "sources": [
        "D:\\Code\\OpClss\\project1\\Front-end\\src\\app\\app.config.ts"
      ],
      "sourcesContent": [
        "import { ApplicationConfig, provideZoneChangeDetection } from '@angular/core';\r\nimport { provideRouter } from '@angular/router';\r\n\r\nimport { routes } from './app.routes';\r\nimport {provideHttpClient} from '@angular/common/http';\r\n\r\nexport const appConfig: ApplicationConfig = {\r\n  providers: [\r\n    provideHttpClient(),\r\n    provideZoneChangeDetection({ eventCoalescing: true }), provideRouter(routes)]\r\n\r\n};\r\n"
      ],
      "mappings": "AAAA,SAA4BA,0BAA0B,QAAQ,eAAe;AAC7E,SAASC,aAAa,QAAQ,iBAAiB;AAE/C,SAASC,MAAM,QAAQ,cAAc;AACrC,SAAQC,iBAAiB,QAAO,sBAAsB;AAEtD,OAAO,MAAMC,SAAS,GAAsB;EAC1CC,SAAS,EAAE,CACTF,iBAAiB,EAAE,EACnBH,0BAA0B,CAAC;IAAEM,eAAe,EAAE;EAAI,CAAE,CAAC,EAAEL,aAAa,CAACC,MAAM,CAAC;CAE/E",
      "ignoreList": []
    },
    "_coverageSchema": "1a1c01bbd47fc00a2c39e90264f33305004495a9",
    "hash": "671fdad35ce4c928d65b678b426168e4d2328897"
  },
  "D:/Code/OpClss/project1/Front-end/coverage.webpack.ts": {
    "path": "D:/Code/OpClss/project1/Front-end/coverage.webpack.ts",
    "statementMap": {},
    "fnMap": {},
    "branchMap": {},
    "s": {},
    "f": {},
    "b": {}
  },
  "D:/Code/OpClss/project1/Front-end/custom-webpack.config.js": {
    "path": "D:/Code/OpClss/project1/Front-end/custom-webpack.config.js",
    "statementMap": {},
    "fnMap": {},
    "branchMap": {},
    "s": {},
    "f": {},
    "b": {}
  },
  "D:/Code/OpClss/project1/Front-end/cypress.config.ts": {
    "path": "D:/Code/OpClss/project1/Front-end/cypress.config.ts",
    "statementMap": {},
    "fnMap": {},
    "branchMap": {},
    "s": {},
    "f": {},
    "b": {}
  },
  "D:/Code/OpClss/project1/Front-end/jest.config.js": {
    "path": "D:/Code/OpClss/project1/Front-end/jest.config.js",
    "statementMap": {},
    "fnMap": {},
    "branchMap": {},
    "s": {},
    "f": {},
    "b": {}
  },
  "D:/Code/OpClss/project1/Front-end/setup-jest.ts": {
    "path": "D:/Code/OpClss/project1/Front-end/setup-jest.ts",
    "statementMap": {},
    "fnMap": {},
    "branchMap": {},
    "s": {},
    "f": {},
    "b": {}
  },
  "D:/Code/OpClss/project1/Front-end/src/app/core/models/Etudiant.ts": {
    "path": "D:/Code/OpClss/project1/Front-end/src/app/core/models/Etudiant.ts",
    "statementMap": {},
    "fnMap": {},
    "branchMap": {},
    "s": {},
    "f": {},
    "b": {}
  },
  "D:/Code/OpClss/project1/Front-end/src/app/core/models/Login.ts": {
    "path": "D:/Code/OpClss/project1/Front-end/src/app/core/models/Login.ts",
    "statementMap": {},
    "fnMap": {},
    "branchMap": {},
    "s": {},
    "f": {},
    "b": {}
  },
  "D:/Code/OpClss/project1/Front-end/src/app/core/models/Register.ts": {
    "path": "D:/Code/OpClss/project1/Front-end/src/app/core/models/Register.ts",
    "statementMap": {},
    "fnMap": {},
    "branchMap": {},
    "s": {},
    "f": {},
    "b": {}
  },
  "D:/Code/OpClss/project1/Front-end/src/app/core/service/etudiant-mock.service.ts": {
    "path": "D:/Code/OpClss/project1/Front-end/src/app/core/service/etudiant-mock.service.ts",
    "statementMap": {},
    "fnMap": {},
    "branchMap": {},
    "s": {},
    "f": {},
    "b": {}
  },
  "D:/Code/OpClss/project1/Front-end/src/app/core/service/user-mock.service.ts": {
    "path": "D:/Code/OpClss/project1/Front-end/src/app/core/service/user-mock.service.ts",
    "statementMap": {},
    "fnMap": {},
    "branchMap": {},
    "s": {},
    "f": {},
    "b": {}
  }
}